04.02.2020 21:22:57
	telegram send is Ok
	Project-1, id = 1, name: Project 1

04.02.2020 21:22:56
	SMTP Ok:
	"subject":Project-1 name Project 1
	"message":Project-1 name: Project 1
 Project description: Project Description 1

04.02.2020 21:19:34
	telegram send is Ok
	Project-1, id = 1, name: Project 1

04.02.2020 21:19:33
	SMTP Ok:
	"subject":Project-1 name Project 1
	"message":Project-1 name: Project 1
 Project description: Project Description 1

04.02.2020 21:17:52
	telegram send is Ok
	Project-1, id = 3, name: Project 3

04.02.2020 21:17:52
	telegram send is Ok
	Project-1, id = 1, name: Project 1

04.02.2020 21:17:50
	SMTP Ok:
	"subject":Project-1 name Project 3
	"message":Project-1 name: Project 3
 Project description: Project Description 3

04.02.2020 21:17:49
	SMTP Ok:
	"subject":Project-1 name Project 1
	"message":Project-1 name: Project 1
 Project description: Project Description 1

04.02.2020 21:15:43
	telegram send is Ok
	Project-1, id = 3, name: Project 3

04.02.2020 21:15:43
	telegram send is Ok
	Project-1, id = 1, name: Project 1

04.02.2020 20:26:06
	telegram send is Ok
	Project-1, id = 3, name: Project 3

04.02.2020 20:26:03
	telegram send is Ok
	Project-1, id = 3, name: Project 3

04.02.2020 20:26:02
	telegram send is Ok
	Project-1, id = 3, name: Project 3

04.02.2020 20:26:02
	telegram send is Ok
	Project-1, id = 3, name: Project 3

04.02.2020 20:26:02
	telegram send is Ok
	Project-1, id = 3, name: Project 3

04.02.2020 20:26:01
	telegram send is Ok
	Project-1, id = 3, name: Project 3

04.02.2020 20:25:58
	telegram send is Ok
	Project-1, id = 3, name: Project 3

04.02.2020 20:25:58
	telegram send is Ok
	Project-1, id = 3, name: Project 3

04.02.2020 20:25:57
	telegram send is Ok
	Project-1, id = 3, name: Project 3

04.02.2020 20:25:57
	telegram send is Ok
	Project-1, id = 3, name: Project 3

04.02.2020 20:25:56
	telegram send is Ok
	Project-1, id = 3, name: Project 3

04.02.2020 20:25:56
	telegram send is Ok
	Project-1, id = 1, name: Project 1

04.02.2020 20:25:18
	telegram send is Ok
	Project-1, id = 3, name: Project 3

04.02.2020 20:25:17
	telegram send is Ok
	Project-1, id = 1, name: Project 1

03.02.2020 21:34:10
	telegram send is Ok
	Project-1, id = 3, name: Project 3

03.02.2020 21:34:09
	telegram send is Ok
	Project-1, id = 1, name: Project 1

03.02.2020 21:34:08
	SMTP Ok:
	"subject":Project-1 name Project 3
	"message":Project-1 name: Project 3
 Project description: Project Description 3

03.02.2020 21:34:06
	SMTP Ok:
	"subject":Project-1 name Project 1
	"message":Project-1 name: Project 1
 Project description: Project Description 1

03.02.2020 21:33:51
	telegram send is Ok
	Project-1, id = 3, name: Project 3

03.02.2020 21:33:51
	telegram send is Ok
	Project-1, id = 1, name: Project 1

03.02.2020 21:31:30
	telegram send is Ok
	Project-1, id = 3, name: Project 3

03.02.2020 21:31:30
	telegram send is Ok
	Project-1, id = 1, name: Project 1

03.02.2020 21:28:36
	telegram send is Ok
	Project-1, id = 1, name: Project 1

03.02.2020 21:27:08
	telegram send is Ok
	Project-1, id = 1, name: Project 1


03.02.2020 21:26:02
telegram send is Ok
	Project-1, id = 1, name: Project 1


03.02.2020 21:25:35
telegram send is Ok
	Project-1, id = 1, name: Project 1


02.02.2020 18:18:21
	SMTP Ok:
	"subject":Project-1 name Project 3
	"message":Project-1 name: Project 3
 Project description: Project Description 3

02.02.2020 18:18:19
	SMTP Ok:
	"subjec